#
# There is insufficient memory for the Java Runtime Environment to continue.
# Native memory allocation (malloc) failed to allocate 1048576 bytes. Error detail: AllocateHeap
# Possible reasons:
#   The system is out of physical RAM or swap space
#   This process is running with CompressedOops enabled, and the Java Heap may be blocking the growth of the native heap
# Possible solutions:
#   Reduce memory load on the system
#   Increase physical memory or swap space
#   Check if swap backing store is full
#   Decrease Java heap size (-Xmx/-Xms)
#   Decrease number of Java threads
#   Decrease Java thread stack sizes (-Xss)
#   Set larger code cache with -XX:ReservedCodeCacheSize=
#   JVM is running with Unscaled Compressed Oops mode in which the Java heap is
#     placed in the first 4GB address space. The Java Heap base address is the
#     maximum limit for the native heap growth. Please use -XX:HeapBaseMinAddress
#     to set the Java Heap base and to place the Java Heap above 4GB virtual address.
# This output file may be truncated or incomplete.
#
#  Out of Memory Error (allocation.cpp:44), pid=27796, tid=26236
#
# JRE version: OpenJDK Runtime Environment Temurin-21.0.8+9 (21.0.8+9) (build 21.0.8+9-LTS)
# Java VM: OpenJDK 64-Bit Server VM Temurin-21.0.8+9 (21.0.8+9-LTS, mixed mode, sharing, tiered, compressed oops, compressed class ptrs, parallel gc, windows-amd64)
# No core dump will be written. Minidumps are not enabled by default on client versions of Windows
#

---------------  S U M M A R Y ------------

Command Line: --add-modules=ALL-SYSTEM --add-opens=java.base/java.util=ALL-UNNAMED --add-opens=java.base/java.lang=ALL-UNNAMED --add-opens=java.base/sun.nio.fs=ALL-UNNAMED -Declipse.application=org.eclipse.jdt.ls.core.id1 -Dosgi.bundles.defaultStartLevel=4 -Declipse.product=org.eclipse.jdt.ls.core.product -Djava.import.generatesMetadataFilesAtProjectRoot=false -DDetectVMInstallationsJob.disabled=true -Dfile.encoding=utf8 -XX:+UseParallelGC -XX:GCTimeRatio=4 -XX:AdaptiveSizePolicyWeight=90 -Dsun.zip.disableMemoryMapping=true -Xmx2G -Xms100m -Xlog:disable -javaagent:c:\Users\jyue\.vscode\extensions\redhat.java-1.44.0-win32-x64\lombok\lombok-1.18.39-4050.jar -XX:+HeapDumpOnOutOfMemoryError -XX:HeapDumpPath=c:\Users\jyue\AppData\Roaming\Code\User\workspaceStorage\faf8c2c5267670c14edd5473d9941fb5\redhat.java -Daether.dependencyCollector.impl=bf c:\Users\jyue\.vscode\extensions\redhat.java-1.44.0-win32-x64\server\plugins\org.eclipse.equinox.launcher_1.7.0.v20250519-0528.jar -configuration c:\Users\jyue\AppData\Roaming\Code\User\globalStorage\redhat.java\1.44.0\config_win -data c:\Users\jyue\AppData\Roaming\Code\User\workspaceStorage\faf8c2c5267670c14edd5473d9941fb5\redhat.java\jdt_ws --pipe=\\.\pipe\lsp-f64f2400cf98dbb2beff9b5465731356-sock

Host: Intel(R) Core(TM) i7-8650U CPU @ 1.90GHz, 8 cores, 15G,  Windows 10 , 64 bit Build 19041 (10.0.19041.5915)
Time: Thu Aug  7 10:36:47 2025 Eastern Daylight Time elapsed time: 148365.323304 seconds (1d 17h 12m 45s)

---------------  T H R E A D  ---------------

Current thread (0x0000022a606a9490):  JavaThread "Attach Listener" daemon [_thread_in_vm, id=26236, stack(0x0000006d42e00000,0x0000006d42f00000) (1024K)]

Stack: [0x0000006d42e00000,0x0000006d42f00000]
Native frames: (J=compiled Java code, j=interpreted, Vv=VM code, C=native code)
V  [jvm.dll+0x6d2449]
V  [jvm.dll+0x8ae341]
V  [jvm.dll+0x8b08be]
V  [jvm.dll+0x8b0fa3]
V  [jvm.dll+0x280c96]
V  [jvm.dll+0xc0347]
V  [jvm.dll+0x6d2cf9]
V  [jvm.dll+0x131116]
V  [jvm.dll+0x3f2d16]
V  [jvm.dll+0x857e6b]
V  [jvm.dll+0x6d0b0d]
C  [ucrtbase.dll+0x21bb2]
C  [KERNEL32.DLL+0x17374]
C  [ntdll.dll+0x4cc91]


---------------  P R O C E S S  ---------------

Threads class SMR info:
_java_thread_list=0x0000022a6a64ed20, length=34, elements={
0x0000022a49c42990, 0x0000022a606a46e0, 0x0000022a606a5fe0, 0x0000022a606a8580,
0x0000022a606a9490, 0x0000022a606b07e0, 0x0000022a606b4250, 0x0000022a606bdc50,
0x0000022a606be790, 0x0000022a49cb0890, 0x0000022a66302b00, 0x0000022a66828d10,
0x0000022a66a59920, 0x0000022a666f0960, 0x0000022a66a56400, 0x0000022a66edbc10,
0x0000022a67131000, 0x0000022a673de6e0, 0x0000022a673dbf80, 0x0000022a673df400,
0x0000022a673dc610, 0x0000022a673dcca0, 0x0000022a673dd330, 0x0000022a69a50700,
0x0000022a69a50070, 0x0000022a69a4d280, 0x0000022a69a4e630, 0x0000022a69a51420,
0x0000022a69a51ab0, 0x0000022a69a534f0, 0x0000022a69a52140, 0x0000022a69a4cbf0,
0x0000022a69a54210, 0x0000022a69a50d90
}

Java Threads: ( => current thread )
  0x0000022a49c42990 JavaThread "main"                              [_thread_blocked, id=23036, stack(0x0000006d42700000,0x0000006d42800000) (1024K)]
  0x0000022a606a46e0 JavaThread "Reference Handler"          daemon [_thread_blocked, id=25280, stack(0x0000006d42b00000,0x0000006d42c00000) (1024K)]
  0x0000022a606a5fe0 JavaThread "Finalizer"                  daemon [_thread_blocked, id=25500, stack(0x0000006d42c00000,0x0000006d42d00000) (1024K)]
  0x0000022a606a8580 JavaThread "Signal Dispatcher"          daemon [_thread_blocked, id=21444, stack(0x0000006d42d00000,0x0000006d42e00000) (1024K)]
=>0x0000022a606a9490 JavaThread "Attach Listener"            daemon [_thread_in_vm, id=26236, stack(0x0000006d42e00000,0x0000006d42f00000) (1024K)]
  0x0000022a606b07e0 JavaThread "Service Thread"             daemon [_thread_blocked, id=8280, stack(0x0000006d42f00000,0x0000006d43000000) (1024K)]
  0x0000022a606b4250 JavaThread "Monitor Deflation Thread"   daemon [_thread_blocked, id=21440, stack(0x0000006d43000000,0x0000006d43100000) (1024K)]
  0x0000022a606bdc50 JavaThread "C2 CompilerThread0"         daemon [_thread_blocked, id=13784, stack(0x0000006d43100000,0x0000006d43200000) (1024K)]
  0x0000022a606be790 JavaThread "C1 CompilerThread0"         daemon [_thread_blocked, id=26412, stack(0x0000006d43200000,0x0000006d43300000) (1024K)]
  0x0000022a49cb0890 JavaThread "Common-Cleaner"             daemon [_thread_blocked, id=28088, stack(0x0000006d43300000,0x0000006d43400000) (1024K)]
  0x0000022a66302b00 JavaThread "Notification Thread"        daemon [_thread_blocked, id=20124, stack(0x0000006d43500000,0x0000006d43600000) (1024K)]
  0x0000022a66828d10 JavaThread "Active Thread: Equinox Container: fcc629cc-83b0-40e1-ad2e-541d3535df4c"        [_thread_blocked, id=11748, stack(0x0000006d43d00000,0x0000006d43e00000) (1024K)]
  0x0000022a66a59920 JavaThread "Refresh Thread: Equinox Container: fcc629cc-83b0-40e1-ad2e-541d3535df4c" daemon [_thread_blocked, id=15308, stack(0x0000006d43f00000,0x0000006d44000000) (1024K)]
  0x0000022a666f0960 JavaThread "Framework Event Dispatcher: Equinox Container: fcc629cc-83b0-40e1-ad2e-541d3535df4c" daemon [_thread_blocked, id=28384, stack(0x0000006d44000000,0x0000006d44100000) (1024K)]
  0x0000022a66a56400 JavaThread "Start Level: Equinox Container: fcc629cc-83b0-40e1-ad2e-541d3535df4c" daemon [_thread_blocked, id=15404, stack(0x0000006d44100000,0x0000006d44200000) (1024K)]
  0x0000022a66edbc10 JavaThread "Bundle File Closer"         daemon [_thread_blocked, id=19524, stack(0x0000006d44200000,0x0000006d44300000) (1024K)]
  0x0000022a67131000 JavaThread "SCR Component Actor"        daemon [_thread_blocked, id=15136, stack(0x0000006d44300000,0x0000006d44400000) (1024K)]
  0x0000022a673de6e0 JavaThread "Worker-JM"                         [_thread_blocked, id=23428, stack(0x0000006d44500000,0x0000006d44600000) (1024K)]
  0x0000022a673dbf80 JavaThread "JNA Cleaner"                daemon [_thread_blocked, id=13360, stack(0x0000006d44600000,0x0000006d44700000) (1024K)]
  0x0000022a673df400 JavaThread "Java indexing"              daemon [_thread_blocked, id=10184, stack(0x0000006d44900000,0x0000006d44a00000) (1024K)]
  0x0000022a673dc610 JavaThread "Worker-2"                          [_thread_blocked, id=20184, stack(0x0000006d44c00000,0x0000006d44d00000) (1024K)]
  0x0000022a673dcca0 JavaThread "Thread-2"                   daemon [_thread_in_native, id=8000, stack(0x0000006d44e00000,0x0000006d44f00000) (1024K)]
  0x0000022a673dd330 JavaThread "Thread-3"                   daemon [_thread_in_native, id=26348, stack(0x0000006d44f00000,0x0000006d45000000) (1024K)]
  0x0000022a69a50700 JavaThread "Thread-4"                   daemon [_thread_in_native, id=2708, stack(0x0000006d45000000,0x0000006d45100000) (1024K)]
  0x0000022a69a50070 JavaThread "Thread-5"                   daemon [_thread_in_native, id=24188, stack(0x0000006d45100000,0x0000006d45200000) (1024K)]
  0x0000022a69a4d280 JavaThread "Thread-6"                   daemon [_thread_in_native, id=5056, stack(0x0000006d45200000,0x0000006d45300000) (1024K)]
  0x0000022a69a4e630 JavaThread "Thread-7"                   daemon [_thread_in_native, id=19644, stack(0x0000006d45300000,0x0000006d45400000) (1024K)]
  0x0000022a69a51420 JavaThread "Thread-8"                   daemon [_thread_in_native, id=1500, stack(0x0000006d45400000,0x0000006d45500000) (1024K)]
  0x0000022a69a51ab0 JavaThread "Thread-9"                   daemon [_thread_in_native, id=27784, stack(0x0000006d45500000,0x0000006d45600000) (1024K)]
  0x0000022a69a534f0 JavaThread "Thread-10"                  daemon [_thread_in_native, id=14692, stack(0x0000006d45600000,0x0000006d45700000) (1024K)]
  0x0000022a69a52140 JavaThread "pool-2-thread-1"                   [_thread_blocked, id=25592, stack(0x0000006d45700000,0x0000006d45800000) (1024K)]
  0x0000022a69a4cbf0 JavaThread "Worker-5"                          [_thread_blocked, id=13428, stack(0x0000006d45900000,0x0000006d45a00000) (1024K)]
  0x0000022a69a54210 JavaThread "WorkspaceEventsHandler"            [_thread_blocked, id=21916, stack(0x0000006d45b00000,0x0000006d45c00000) (1024K)]
  0x0000022a69a50d90 JavaThread "pool-1-thread-1"                   [_thread_blocked, id=16936, stack(0x0000006d45c00000,0x0000006d45d00000) (1024K)]
Total: 34

Other Threads:
  0x0000022a60691c50 VMThread "VM Thread"                           [id=17288, stack(0x0000006d42a00000,0x0000006d42b00000) (1024K)]
  0x0000022a49caf5b0 WatcherThread "VM Periodic Task Thread"        [id=28660, stack(0x0000006d42900000,0x0000006d42a00000) (1024K)]
  0x0000022a49c63fe0 WorkerThread "GC Thread#0"                     [id=21296, stack(0x0000006d42800000,0x0000006d42900000) (1024K)]
  0x0000022a66809100 WorkerThread "GC Thread#1"                     [id=11540, stack(0x0000006d43700000,0x0000006d43800000) (1024K)]
  0x0000022a66999e70 WorkerThread "GC Thread#2"                     [id=3792, stack(0x0000006d43800000,0x0000006d43900000) (1024K)]
  0x0000022a66a7e600 WorkerThread "GC Thread#3"                     [id=21548, stack(0x0000006d43900000,0x0000006d43a00000) (1024K)]
  0x0000022a66a7e9a0 WorkerThread "GC Thread#4"                     [id=2960, stack(0x0000006d43a00000,0x0000006d43b00000) (1024K)]
  0x0000022a66a7ed40 WorkerThread "GC Thread#5"                     [id=21544, stack(0x0000006d43b00000,0x0000006d43c00000) (1024K)]
  0x0000022a66a7f0e0 WorkerThread "GC Thread#6"                     [id=28272, stack(0x0000006d43c00000,0x0000006d43d00000) (1024K)]
  0x0000022a66baeb60 WorkerThread "GC Thread#7"                     [id=3296, stack(0x0000006d43e00000,0x0000006d43f00000) (1024K)]
Total: 10

Threads with active compile tasks:
Total: 0

VM state: not at safepoint (normal execution)

VM Mutex/Monitor currently owned by a thread: None

Heap address: 0x0000000080000000, size: 2048 MB, Compressed Oops mode: 32-bit

CDS archive(s) mapped at: [0x0000022a00000000-0x0000022a00ba0000-0x0000022a00ba0000), size 12189696, SharedBaseAddress: 0x0000022a00000000, ArchiveRelocationMode: 1.
Compressed class space mapped at: 0x0000022a01000000-0x0000022a41000000, reserved size: 1073741824
Narrow klass base: 0x0000022a00000000, Narrow klass shift: 0, Narrow klass range: 0x100000000

GC Precious Log:
 CardTable entry size: 512
 CPUs: 8 total, 8 available
 Memory: 16262M
 Large Page Support: Disabled
 NUMA Support: Disabled
 Compressed Oops: Enabled (32-bit)
 Alignments: Space 512K, Generation 512K, Heap 2M
 Heap Min Capacity: 100M
 Heap Initial Capacity: 100M
 Heap Max Capacity: 2G
 Pre-touch: Disabled
 Parallel Workers: 8

Heap:
 PSYoungGen      total 4608K, used 3015K [0x00000000d5580000, 0x00000000d5b00000, 0x0000000100000000)
  eden space 4096K, 68% used [0x00000000d5580000,0x00000000d5841e08,0x00000000d5980000)
  from space 512K, 37% used [0x00000000d5a80000,0x00000000d5ab0000,0x00000000d5b00000)
  to   space 512K, 0% used [0x00000000d5980000,0x00000000d5980000,0x00000000d5a00000)
 ParOldGen       total 591872K, used 591855K [0x0000000080000000, 0x00000000a4200000, 0x00000000d5580000)
  object space 591872K, 99% used [0x0000000080000000,0x00000000a41fbe70,0x00000000a4200000)
 Metaspace       used 70250K, committed 71808K, reserved 1114112K
  class space    used 7221K, committed 7872K, reserved 1048576K

Card table byte_map: [0x0000022a49620000,0x0000022a49a30000] _byte_map_base: 0x0000022a49220000

Marking Bits: (ParMarkBitMap*) 0x00007ffc9490a340
 Begin Bits: [0x0000022a5c0f0000, 0x0000022a5e0f0000)
 End Bits:   [0x0000022a5e0f0000, 0x0000022a600f0000)

Polling page: 0x0000022a49410000

Metaspace:

Usage:
  Non-class:     61.55 MB used.
      Class:      7.05 MB used.
       Both:     68.60 MB used.

Virtual space:
  Non-class space:       64.00 MB reserved,      62.44 MB ( 98%) committed,  1 nodes.
      Class space:        1.00 GB reserved,       7.69 MB ( <1%) committed,  1 nodes.
             Both:        1.06 GB reserved,      70.12 MB (  6%) committed. 

Chunk freelists:
   Non-Class:  1.55 MB
       Class:  8.20 MB
        Both:  9.75 MB

MaxMetaspaceSize: unlimited
CompressedClassSpaceSize: 1.00 GB
Initial GC threshold: 21.00 MB
Current GC threshold: 97.31 MB
CDS: on
 - commit_granule_bytes: 65536.
 - commit_granule_words: 8192.
 - virtual_space_node_default_size: 8388608.
 - enlarge_chunks_in_place: 1.
 - use_allocation_guard: 0.


Internal statistics:

num_allocs_failed_limit: 9.
num_arena_births: 1378.
num_arena_deaths: 14.
num_vsnodes_births: 2.
num_vsnodes_deaths: 0.
num_space_committed: 1122.
num_space_uncommitted: 0.
num_chunks_returned_to_freelist: 23.
num_chunks_taken_from_freelist: 4702.
num_chunk_merges: 15.
num_chunk_splits: 2809.
num_chunks_enlarged: 1465.
num_inconsistent_stats: 0.

CodeHeap 'non-profiled nmethods': size=120000Kb used=11551Kb max_used=11551Kb free=108448Kb
 bounds [0x0000022a54910000, 0x0000022a55460000, 0x0000022a5be40000]
CodeHeap 'profiled nmethods': size=120000Kb used=36909Kb max_used=36909Kb free=83090Kb
 bounds [0x0000022a4ce40000, 0x0000022a4f250000, 0x0000022a54370000]
CodeHeap 'non-nmethods': size=5760Kb used=1473Kb max_used=1641Kb free=4286Kb
 bounds [0x0000022a54370000, 0x0000022a545e0000, 0x0000022a54910000]
CodeCache: size=245760Kb, used=49933Kb, max_used=50101Kb, free=195824Kb
 total_blobs=15510, nmethods=14723, adapters=691, full_count=0
Compilation: enabled, stopped_count=0, restarted_count=0

Compilation events (20 events):
Event: 124042.261 Thread 0x0000022a606be790 15621  s    3       jdk.internal.ref.Cleaner::remove (89 bytes)
Event: 124042.264 Thread 0x0000022a606be790 nmethod 15621 0x0000022a4f247190 code [0x0000022a4f247360, 0x0000022a4f247760]
Event: 126789.944 Thread 0x0000022a606be790 15622       3       org.eclipse.core.runtime.ListenerList::<init> (43 bytes)
Event: 126789.960 Thread 0x0000022a606be790 nmethod 15622 0x0000022a4f247890 code [0x0000022a4f247a60, 0x0000022a4f247d70]
Event: 127690.342 Thread 0x0000022a606be790 15623       1       java.util.logging.Logger::getName (5 bytes)
Event: 127690.344 Thread 0x0000022a606be790 nmethod 15623 0x0000022a55456c90 code [0x0000022a55456e20, 0x0000022a55456ee8]
Event: 130991.184 Thread 0x0000022a606bdc50 15624       4       java.lang.ClassLoader::getPlatformClassLoader (21 bytes)
Event: 130991.194 Thread 0x0000022a606bdc50 nmethod 15624 0x0000022a55456f90 code [0x0000022a55457120, 0x0000022a55457190]
Event: 132190.413 Thread 0x0000022a606bdc50 15625       4       java.math.BigInteger::getInt (63 bytes)
Event: 132190.418 Thread 0x0000022a606bdc50 nmethod 15625 0x0000022a55457290 code [0x0000022a55457420, 0x0000022a55457568]
Event: 135790.533 Thread 0x0000022a606be790 15626       1       org.eclipse.core.internal.utils.StringPool::getSavedStringCount (5 bytes)
Event: 135790.534 Thread 0x0000022a606be790 nmethod 15626 0x0000022a55457690 code [0x0000022a55457820, 0x0000022a554578e8]
Event: 137590.654 Thread 0x0000022a606be790 15627   !   3       org.eclipse.core.internal.jobs.JobManager::findBlockingJob (179 bytes)
Event: 137590.685 Thread 0x0000022a606be790 nmethod 15627 0x0000022a4f247e90 code [0x0000022a4f2481c0, 0x0000022a4f249728]
Event: 137590.686 Thread 0x0000022a606be790 15628       3       org.eclipse.core.internal.jobs.JobManager::endJob (76 bytes)
Event: 137590.699 Thread 0x0000022a606be790 nmethod 15628 0x0000022a4f249e90 code [0x0000022a4f24a100, 0x0000022a4f24ab80]
Event: 140290.840 Thread 0x0000022a606bdc50 15629       4       java.util.ImmutableCollections$Set12::iterator (9 bytes)
Event: 140290.841 Thread 0x0000022a606be790 15630       3       java.lang.Thread::getPriority (17 bytes)
Event: 140290.846 Thread 0x0000022a606bdc50 nmethod 15629 0x0000022a55457990 code [0x0000022a55457b20, 0x0000022a55457c38]
Event: 140290.846 Thread 0x0000022a606be790 nmethod 15630 0x0000022a4f24af90 code [0x0000022a4f24b140, 0x0000022a4f24b408]

GC Heap History (20 events):
Event: 29.289 GC heap before
{Heap before GC invocations=498 (full 3):
 PSYoungGen      total 3584K, used 3392K [0x00000000d5580000, 0x00000000d5a00000, 0x0000000100000000)
  eden space 2560K, 100% used [0x00000000d5580000,0x00000000d5800000,0x00000000d5800000)
  from space 1024K, 81% used [0x00000000d5900000,0x00000000d59d0020,0x00000000d5a00000)
  to   space 1024K, 0% used [0x00000000d5800000,0x00000000d5800000,0x00000000d5900000)
 ParOldGen       total 587776K, used 587462K [0x0000000080000000, 0x00000000a3e00000, 0x00000000d5580000)
  object space 587776K, 99% used [0x0000000080000000,0x00000000a3db1a60,0x00000000a3e00000)
 Metaspace       used 69730K, committed 71232K, reserved 1114112K
  class space    used 7184K, committed 7872K, reserved 1048576K
}
Event: 29.293 GC heap after
{Heap after GC invocations=498 (full 3):
 PSYoungGen      total 3584K, used 992K [0x00000000d5580000, 0x00000000d5c80000, 0x0000000100000000)
  eden space 2560K, 0% used [0x00000000d5580000,0x00000000d5580000,0x00000000d5800000)
  from space 1024K, 96% used [0x00000000d5800000,0x00000000d58f8010,0x00000000d5900000)
  to   space 2048K, 0% used [0x00000000d5a80000,0x00000000d5a80000,0x00000000d5c80000)
 ParOldGen       total 588288K, used 588254K [0x0000000080000000, 0x00000000a3e80000, 0x00000000d5580000)
  object space 588288K, 99% used [0x0000000080000000,0x00000000a3e77a90,0x00000000a3e80000)
 Metaspace       used 69730K, committed 71232K, reserved 1114112K
  class space    used 7184K, committed 7872K, reserved 1048576K
}
Event: 29.309 GC heap before
{Heap before GC invocations=499 (full 3):
 PSYoungGen      total 3584K, used 3552K [0x00000000d5580000, 0x00000000d5c80000, 0x0000000100000000)
  eden space 2560K, 100% used [0x00000000d5580000,0x00000000d5800000,0x00000000d5800000)
  from space 1024K, 96% used [0x00000000d5800000,0x00000000d58f8010,0x00000000d5900000)
  to   space 2048K, 0% used [0x00000000d5a80000,0x00000000d5a80000,0x00000000d5c80000)
 ParOldGen       total 588288K, used 588254K [0x0000000080000000, 0x00000000a3e80000, 0x00000000d5580000)
  object space 588288K, 99% used [0x0000000080000000,0x00000000a3e77a90,0x00000000a3e80000)
 Metaspace       used 69730K, committed 71232K, reserved 1114112K
  class space    used 7184K, committed 7872K, reserved 1048576K
}
Event: 29.315 GC heap after
{Heap after GC invocations=499 (full 3):
 PSYoungGen      total 4096K, used 896K [0x00000000d5580000, 0x00000000d5b80000, 0x0000000100000000)
  eden space 3072K, 0% used [0x00000000d5580000,0x00000000d5580000,0x00000000d5880000)
  from space 1024K, 87% used [0x00000000d5a80000,0x00000000d5b60020,0x00000000d5b80000)
  to   space 1536K, 0% used [0x00000000d5880000,0x00000000d5880000,0x00000000d5a00000)
 ParOldGen       total 589312K, used 589134K [0x0000000080000000, 0x00000000a3f80000, 0x00000000d5580000)
  object space 589312K, 99% used [0x0000000080000000,0x00000000a3f53a90,0x00000000a3f80000)
 Metaspace       used 69730K, committed 71232K, reserved 1114112K
  class space    used 7184K, committed 7872K, reserved 1048576K
}
Event: 29.357 GC heap before
{Heap before GC invocations=500 (full 3):
 PSYoungGen      total 4096K, used 3968K [0x00000000d5580000, 0x00000000d5b80000, 0x0000000100000000)
  eden space 3072K, 100% used [0x00000000d5580000,0x00000000d5880000,0x00000000d5880000)
  from space 1024K, 87% used [0x00000000d5a80000,0x00000000d5b60020,0x00000000d5b80000)
  to   space 1536K, 0% used [0x00000000d5880000,0x00000000d5880000,0x00000000d5a00000)
 ParOldGen       total 589312K, used 589134K [0x0000000080000000, 0x00000000a3f80000, 0x00000000d5580000)
  object space 589312K, 99% used [0x0000000080000000,0x00000000a3f53a90,0x00000000a3f80000)
 Metaspace       used 69753K, committed 71296K, reserved 1114112K
  class space    used 7184K, committed 7872K, reserved 1048576K
}
Event: 29.363 GC heap after
{Heap after GC invocations=500 (full 3):
 PSYoungGen      total 4608K, used 1200K [0x00000000d5580000, 0x00000000d5c80000, 0x0000000100000000)
  eden space 3072K, 0% used [0x00000000d5580000,0x00000000d5580000,0x00000000d5880000)
  from space 1536K, 78% used [0x00000000d5880000,0x00000000d59ac050,0x00000000d5a00000)
  to   space 1536K, 0% used [0x00000000d5b00000,0x00000000d5b00000,0x00000000d5c80000)
 ParOldGen       total 590336K, used 589894K [0x0000000080000000, 0x00000000a4080000, 0x00000000d5580000)
  object space 590336K, 99% used [0x0000000080000000,0x00000000a4011ab0,0x00000000a4080000)
 Metaspace       used 69753K, committed 71296K, reserved 1114112K
  class space    used 7184K, committed 7872K, reserved 1048576K
}
Event: 29.451 GC heap before
{Heap before GC invocations=501 (full 3):
 PSYoungGen      total 4608K, used 4272K [0x00000000d5580000, 0x00000000d5c80000, 0x0000000100000000)
  eden space 3072K, 100% used [0x00000000d5580000,0x00000000d5880000,0x00000000d5880000)
  from space 1536K, 78% used [0x00000000d5880000,0x00000000d59ac050,0x00000000d5a00000)
  to   space 1536K, 0% used [0x00000000d5b00000,0x00000000d5b00000,0x00000000d5c80000)
 ParOldGen       total 590336K, used 589894K [0x0000000080000000, 0x00000000a4080000, 0x00000000d5580000)
  object space 590336K, 99% used [0x0000000080000000,0x00000000a4011ab0,0x00000000a4080000)
 Metaspace       used 69802K, committed 71360K, reserved 1114112K
  class space    used 7190K, committed 7872K, reserved 1048576K
}
Event: 29.457 GC heap after
{Heap after GC invocations=501 (full 3):
 PSYoungGen      total 5632K, used 1181K [0x00000000d5580000, 0x00000000d5c80000, 0x0000000100000000)
  eden space 4096K, 0% used [0x00000000d5580000,0x00000000d5580000,0x00000000d5980000)
  from space 1536K, 76% used [0x00000000d5b00000,0x00000000d5c277e0,0x00000000d5c80000)
  to   space 1536K, 0% used [0x00000000d5980000,0x00000000d5980000,0x00000000d5b00000)
 ParOldGen       total 591360K, used 590990K [0x0000000080000000, 0x00000000a4180000, 0x00000000d5580000)
  object space 591360K, 99% used [0x0000000080000000,0x00000000a4123b10,0x00000000a4180000)
 Metaspace       used 69802K, committed 71360K, reserved 1114112K
  class space    used 7190K, committed 7872K, reserved 1048576K
}
Event: 31.325 GC heap before
{Heap before GC invocations=502 (full 3):
 PSYoungGen      total 5632K, used 5277K [0x00000000d5580000, 0x00000000d5c80000, 0x0000000100000000)
  eden space 4096K, 100% used [0x00000000d5580000,0x00000000d5980000,0x00000000d5980000)
  from space 1536K, 76% used [0x00000000d5b00000,0x00000000d5c277e0,0x00000000d5c80000)
  to   space 1536K, 0% used [0x00000000d5980000,0x00000000d5980000,0x00000000d5b00000)
 ParOldGen       total 591360K, used 590990K [0x0000000080000000, 0x00000000a4180000, 0x00000000d5580000)
  object space 591360K, 99% used [0x0000000080000000,0x00000000a4123b10,0x00000000a4180000)
 Metaspace       used 69843K, committed 71360K, reserved 1114112K
  class space    used 7191K, committed 7872K, reserved 1048576K
}
Event: 31.328 GC heap after
{Heap after GC invocations=502 (full 3):
 PSYoungGen      total 4608K, used 416K [0x00000000d5580000, 0x00000000d5b80000, 0x0000000100000000)
  eden space 4096K, 0% used [0x00000000d5580000,0x00000000d5580000,0x00000000d5980000)
  from space 512K, 81% used [0x00000000d5980000,0x00000000d59e8000,0x00000000d5a00000)
  to   space 1024K, 0% used [0x00000000d5a80000,0x00000000d5a80000,0x00000000d5b80000)
 ParOldGen       total 591872K, used 591399K [0x0000000080000000, 0x00000000a4200000, 0x00000000d5580000)
  object space 591872K, 99% used [0x0000000080000000,0x00000000a4189e70,0x00000000a4200000)
 Metaspace       used 69843K, committed 71360K, reserved 1114112K
  class space    used 7191K, committed 7872K, reserved 1048576K
}
Event: 306.543 GC heap before
{Heap before GC invocations=503 (full 3):
 PSYoungGen      total 4608K, used 4511K [0x00000000d5580000, 0x00000000d5b80000, 0x0000000100000000)
  eden space 4096K, 99% used [0x00000000d5580000,0x00000000d597fff0,0x00000000d5980000)
  from space 512K, 81% used [0x00000000d5980000,0x00000000d59e8000,0x00000000d5a00000)
  to   space 1024K, 0% used [0x00000000d5a80000,0x00000000d5a80000,0x00000000d5b80000)
 ParOldGen       total 591872K, used 591399K [0x0000000080000000, 0x00000000a4200000, 0x00000000d5580000)
  object space 591872K, 99% used [0x0000000080000000,0x00000000a4189e70,0x00000000a4200000)
 Metaspace       used 70062K, committed 71616K, reserved 1114112K
  class space    used 7212K, committed 7872K, reserved 1048576K
}
Event: 306.547 GC heap after
{Heap after GC invocations=503 (full 3):
 PSYoungGen      total 4608K, used 288K [0x00000000d5580000, 0x00000000d5b00000, 0x0000000100000000)
  eden space 4096K, 0% used [0x00000000d5580000,0x00000000d5580000,0x00000000d5980000)
  from space 512K, 56% used [0x00000000d5a80000,0x00000000d5ac8000,0x00000000d5b00000)
  to   space 512K, 0% used [0x00000000d5980000,0x00000000d5980000,0x00000000d5a00000)
 ParOldGen       total 591872K, used 591511K [0x0000000080000000, 0x00000000a4200000, 0x00000000d5580000)
  object space 591872K, 99% used [0x0000000080000000,0x00000000a41a5e70,0x00000000a4200000)
 Metaspace       used 70062K, committed 71616K, reserved 1114112K
  class space    used 7212K, committed 7872K, reserved 1048576K
}
Event: 25504.159 GC heap before
{Heap before GC invocations=504 (full 3):
 PSYoungGen      total 4608K, used 4384K [0x00000000d5580000, 0x00000000d5b00000, 0x0000000100000000)
  eden space 4096K, 100% used [0x00000000d5580000,0x00000000d5980000,0x00000000d5980000)
  from space 512K, 56% used [0x00000000d5a80000,0x00000000d5ac8000,0x00000000d5b00000)
  to   space 512K, 0% used [0x00000000d5980000,0x00000000d5980000,0x00000000d5a00000)
 ParOldGen       total 591872K, used 591511K [0x0000000080000000, 0x00000000a4200000, 0x00000000d5580000)
  object space 591872K, 99% used [0x0000000080000000,0x00000000a41a5e70,0x00000000a4200000)
 Metaspace       used 70149K, committed 71680K, reserved 1114112K
  class space    used 7213K, committed 7872K, reserved 1048576K
}
Event: 25504.273 GC heap after
{Heap after GC invocations=504 (full 3):
 PSYoungGen      total 4608K, used 288K [0x00000000d5580000, 0x00000000d5b00000, 0x0000000100000000)
  eden space 4096K, 0% used [0x00000000d5580000,0x00000000d5580000,0x00000000d5980000)
  from space 512K, 56% used [0x00000000d5980000,0x00000000d59c8000,0x00000000d5a00000)
  to   space 512K, 0% used [0x00000000d5a80000,0x00000000d5a80000,0x00000000d5b00000)
 ParOldGen       total 591872K, used 591727K [0x0000000080000000, 0x00000000a4200000, 0x00000000d5580000)
  object space 591872K, 99% used [0x0000000080000000,0x00000000a41dbe70,0x00000000a4200000)
 Metaspace       used 70149K, committed 71680K, reserved 1114112K
  class space    used 7213K, committed 7872K, reserved 1048576K
}
Event: 63847.912 GC heap before
{Heap before GC invocations=505 (full 3):
 PSYoungGen      total 4608K, used 4384K [0x00000000d5580000, 0x00000000d5b00000, 0x0000000100000000)
  eden space 4096K, 100% used [0x00000000d5580000,0x00000000d5980000,0x00000000d5980000)
  from space 512K, 56% used [0x00000000d5980000,0x00000000d59c8000,0x00000000d5a00000)
  to   space 512K, 0% used [0x00000000d5a80000,0x00000000d5a80000,0x00000000d5b00000)
 ParOldGen       total 591872K, used 591727K [0x0000000080000000, 0x00000000a4200000, 0x00000000d5580000)
  object space 591872K, 99% used [0x0000000080000000,0x00000000a41dbe70,0x00000000a4200000)
 Metaspace       used 70153K, committed 71680K, reserved 1114112K
  class space    used 7213K, committed 7872K, reserved 1048576K
}
Event: 63847.993 GC heap after
{Heap after GC invocations=505 (full 3):
 PSYoungGen      total 4608K, used 224K [0x00000000d5580000, 0x00000000d5b00000, 0x0000000100000000)
  eden space 4096K, 0% used [0x00000000d5580000,0x00000000d5580000,0x00000000d5980000)
  from space 512K, 43% used [0x00000000d5a80000,0x00000000d5ab8000,0x00000000d5b00000)
  to   space 512K, 0% used [0x00000000d5980000,0x00000000d5980000,0x00000000d5a00000)
 ParOldGen       total 591872K, used 591759K [0x0000000080000000, 0x00000000a4200000, 0x00000000d5580000)
  object space 591872K, 99% used [0x0000000080000000,0x00000000a41e3e70,0x00000000a4200000)
 Metaspace       used 70153K, committed 71680K, reserved 1114112K
  class space    used 7213K, committed 7872K, reserved 1048576K
}
Event: 88149.059 GC heap before
{Heap before GC invocations=506 (full 3):
 PSYoungGen      total 4608K, used 4320K [0x00000000d5580000, 0x00000000d5b00000, 0x0000000100000000)
  eden space 4096K, 100% used [0x00000000d5580000,0x00000000d5980000,0x00000000d5980000)
  from space 512K, 43% used [0x00000000d5a80000,0x00000000d5ab8000,0x00000000d5b00000)
  to   space 512K, 0% used [0x00000000d5980000,0x00000000d5980000,0x00000000d5a00000)
 ParOldGen       total 591872K, used 591759K [0x0000000080000000, 0x00000000a4200000, 0x00000000d5580000)
  object space 591872K, 99% used [0x0000000080000000,0x00000000a41e3e70,0x00000000a4200000)
 Metaspace       used 70247K, committed 71808K, reserved 1114112K
  class space    used 7221K, committed 7872K, reserved 1048576K
}
Event: 88149.156 GC heap after
{Heap after GC invocations=506 (full 3):
 PSYoungGen      total 4608K, used 256K [0x00000000d5580000, 0x00000000d5b00000, 0x0000000100000000)
  eden space 4096K, 0% used [0x00000000d5580000,0x00000000d5580000,0x00000000d5980000)
  from space 512K, 50% used [0x00000000d5980000,0x00000000d59c0000,0x00000000d5a00000)
  to   space 512K, 0% used [0x00000000d5a80000,0x00000000d5a80000,0x00000000d5b00000)
 ParOldGen       total 591872K, used 591799K [0x0000000080000000, 0x00000000a4200000, 0x00000000d5580000)
  object space 591872K, 99% used [0x0000000080000000,0x00000000a41ede70,0x00000000a4200000)
 Metaspace       used 70247K, committed 71808K, reserved 1114112K
  class space    used 7221K, committed 7872K, reserved 1048576K
}
Event: 127690.028 GC heap before
{Heap before GC invocations=507 (full 3):
 PSYoungGen      total 4608K, used 4352K [0x00000000d5580000, 0x00000000d5b00000, 0x0000000100000000)
  eden space 4096K, 100% used [0x00000000d5580000,0x00000000d5980000,0x00000000d5980000)
  from space 512K, 50% used [0x00000000d5980000,0x00000000d59c0000,0x00000000d5a00000)
  to   space 512K, 0% used [0x00000000d5a80000,0x00000000d5a80000,0x00000000d5b00000)
 ParOldGen       total 591872K, used 591799K [0x0000000080000000, 0x00000000a4200000, 0x00000000d5580000)
  object space 591872K, 99% used [0x0000000080000000,0x00000000a41ede70,0x00000000a4200000)
 Metaspace       used 70250K, committed 71808K, reserved 1114112K
  class space    used 7221K, committed 7872K, reserved 1048576K
}
Event: 127690.117 GC heap after
{Heap after GC invocations=507 (full 3):
 PSYoungGen      total 4608K, used 192K [0x00000000d5580000, 0x00000000d5b00000, 0x0000000100000000)
  eden space 4096K, 0% used [0x00000000d5580000,0x00000000d5580000,0x00000000d5980000)
  from space 512K, 37% used [0x00000000d5a80000,0x00000000d5ab0000,0x00000000d5b00000)
  to   space 512K, 0% used [0x00000000d5980000,0x00000000d5980000,0x00000000d5a00000)
 ParOldGen       total 591872K, used 591855K [0x0000000080000000, 0x00000000a4200000, 0x00000000d5580000)
  object space 591872K, 99% used [0x0000000080000000,0x00000000a41fbe70,0x00000000a4200000)
 Metaspace       used 70250K, committed 71808K, reserved 1114112K
  class space    used 7221K, committed 7872K, reserved 1048576K
}

Dll operation events (12 events):
Event: 0.025 Loaded shared library c:\Users\jyue\.vscode\extensions\redhat.java-1.44.0-win32-x64\jre\21.0.8-win32-x86_64\bin\java.dll
Event: 0.070 Loaded shared library c:\Users\jyue\.vscode\extensions\redhat.java-1.44.0-win32-x64\jre\21.0.8-win32-x86_64\bin\zip.dll
Event: 0.148 Loaded shared library C:\Users\jyue\.vscode\extensions\redhat.java-1.44.0-win32-x64\jre\21.0.8-win32-x86_64\bin\instrument.dll
Event: 0.153 Loaded shared library C:\Users\jyue\.vscode\extensions\redhat.java-1.44.0-win32-x64\jre\21.0.8-win32-x86_64\bin\net.dll
Event: 0.156 Loaded shared library C:\Users\jyue\.vscode\extensions\redhat.java-1.44.0-win32-x64\jre\21.0.8-win32-x86_64\bin\nio.dll
Event: 0.159 Loaded shared library C:\Users\jyue\.vscode\extensions\redhat.java-1.44.0-win32-x64\jre\21.0.8-win32-x86_64\bin\zip.dll
Event: 0.176 Loaded shared library C:\Users\jyue\.vscode\extensions\redhat.java-1.44.0-win32-x64\jre\21.0.8-win32-x86_64\bin\jimage.dll
Event: 0.240 Loaded shared library c:\Users\jyue\.vscode\extensions\redhat.java-1.44.0-win32-x64\jre\21.0.8-win32-x86_64\bin\verify.dll
Event: 1.452 Loaded shared library C:\Users\jyue\AppData\Roaming\Code\User\globalStorage\redhat.java\1.44.0\config_win\org.eclipse.equinox.launcher\org.eclipse.equinox.launcher.win32.win32.x86_64_1.2.1400.v20250730-1736\eclipse_11913.dll
Event: 2.692 Loaded shared library C:\Users\jyue\AppData\Local\Temp\jna-3277855\jna10284742145420430463.dll
Event: 4.446 Loaded shared library C:\Users\jyue\.vscode\extensions\redhat.java-1.44.0-win32-x64\jre\21.0.8-win32-x86_64\bin\sunmscapi.dll
Event: 4.923 Loaded shared library C:\Users\jyue\.vscode\extensions\redhat.java-1.44.0-win32-x64\jre\21.0.8-win32-x86_64\bin\extnet.dll

Deoptimization events (20 events):
Event: 51134.183 Thread 0x0000022a66828d10 Uncommon trap: trap_request=0xffffffd6 fr.pc=0x0000022a554429a0 relative=0x00000000000005e0
Event: 51134.196 Thread 0x0000022a66828d10 Uncommon trap: reason=array_check action=maybe_recompile pc=0x0000022a554429a0 method=java.util.concurrent.ScheduledThreadPoolExecutor$DelayedWorkQueue.offer(Ljava/lang/Runnable;)Z @ 65 c2
Event: 51134.196 Thread 0x0000022a66828d10 DEOPT PACKING pc=0x0000022a554429a0 sp=0x0000006d43dff110
Event: 51134.197 Thread 0x0000022a66828d10 DEOPT UNPACKING pc=0x0000022a543c3aa2 sp=0x0000006d43dfef20 mode 2
Event: 51140.025 Thread 0x0000022a69a52140 Uncommon trap: trap_request=0xffffffd6 fr.pc=0x0000022a554429a0 relative=0x00000000000005e0
Event: 51140.025 Thread 0x0000022a69a52140 Uncommon trap: reason=array_check action=maybe_recompile pc=0x0000022a554429a0 method=java.util.concurrent.ScheduledThreadPoolExecutor$DelayedWorkQueue.offer(Ljava/lang/Runnable;)Z @ 65 c2
Event: 51140.025 Thread 0x0000022a69a52140 DEOPT PACKING pc=0x0000022a554429a0 sp=0x0000006d457feeb0
Event: 51140.025 Thread 0x0000022a69a52140 DEOPT UNPACKING pc=0x0000022a543c3aa2 sp=0x0000006d457fecc0 mode 2
Event: 51150.039 Thread 0x0000022a69a52140 Uncommon trap: trap_request=0xffffffd6 fr.pc=0x0000022a554429a0 relative=0x00000000000005e0
Event: 51150.039 Thread 0x0000022a69a52140 Uncommon trap: reason=array_check action=maybe_recompile pc=0x0000022a554429a0 method=java.util.concurrent.ScheduledThreadPoolExecutor$DelayedWorkQueue.offer(Ljava/lang/Runnable;)Z @ 65 c2
Event: 51150.040 Thread 0x0000022a69a52140 DEOPT PACKING pc=0x0000022a554429a0 sp=0x0000006d457feeb0
Event: 51150.040 Thread 0x0000022a69a52140 DEOPT UNPACKING pc=0x0000022a543c3aa2 sp=0x0000006d457fecc0 mode 2
Event: 51160.044 Thread 0x0000022a69a52140 Uncommon trap: trap_request=0xffffffd6 fr.pc=0x0000022a554429a0 relative=0x00000000000005e0
Event: 51160.044 Thread 0x0000022a69a52140 Uncommon trap: reason=array_check action=maybe_recompile pc=0x0000022a554429a0 method=java.util.concurrent.ScheduledThreadPoolExecutor$DelayedWorkQueue.offer(Ljava/lang/Runnable;)Z @ 65 c2
Event: 51160.044 Thread 0x0000022a69a52140 DEOPT PACKING pc=0x0000022a554429a0 sp=0x0000006d457feeb0
Event: 51160.044 Thread 0x0000022a69a52140 DEOPT UNPACKING pc=0x0000022a543c3aa2 sp=0x0000006d457fecc0 mode 2
Event: 82393.907 Thread 0x0000022a6861fb50 Uncommon trap: trap_request=0xffffff45 fr.pc=0x0000022a54d19430 relative=0x00000000000005b0
Event: 82393.907 Thread 0x0000022a6861fb50 Uncommon trap: reason=unstable_if action=reinterpret pc=0x0000022a54d19430 method=org.eclipse.core.runtime.Path.append(Ljava/lang/String;)Lorg/eclipse/core/runtime/IPath; @ 61 c2
Event: 82393.907 Thread 0x0000022a6861fb50 DEOPT PACKING pc=0x0000022a54d19430 sp=0x0000006d424fe8e0
Event: 82393.908 Thread 0x0000022a6861fb50 DEOPT UNPACKING pc=0x0000022a543c3aa2 sp=0x0000006d424fe8f0 mode 2

Classes loaded (20 events):
Event: 23.604 Loading class java/nio/StringCharBuffer
Event: 23.606 Loading class java/nio/StringCharBuffer done
Event: 23.620 Loading class jdk/internal/event/SecurityPropertyModificationEvent
Event: 23.620 Loading class jdk/internal/event/SecurityPropertyModificationEvent done
Event: 23.711 Loading class java/util/zip/CheckedInputStream
Event: 23.711 Loading class java/util/zip/CheckedInputStream done
Event: 23.940 Loading class java/util/zip/GZIPInputStream$1
Event: 23.941 Loading class java/util/zip/GZIPInputStream$1 done
Event: 29.144 Loading class java/lang/StringUTF16$LinesSpliterator
Event: 29.145 Loading class java/lang/StringUTF16$LinesSpliterator done
Event: 306.474 Loading class java/util/stream/Nodes$CollectorTask$OfRef
Event: 306.475 Loading class java/util/stream/Nodes$CollectorTask
Event: 306.480 Loading class java/util/stream/Nodes$CollectorTask done
Event: 306.480 Loading class java/util/stream/Nodes$CollectorTask$OfRef done
Event: 306.482 Loading class java/util/function/LongFunction
Event: 306.482 Loading class java/util/function/LongFunction done
Event: 306.483 Loading class java/util/stream/Nodes$ConcNode
Event: 306.483 Loading class java/util/stream/Nodes$AbstractConcNode
Event: 306.483 Loading class java/util/stream/Nodes$AbstractConcNode done
Event: 306.483 Loading class java/util/stream/Nodes$ConcNode done

Classes unloaded (7 events):
Event: 3.579 Thread 0x0000022a60691c50 Unloading class 0x0000022a011ac400 'java/lang/invoke/LambdaForm$MH+0x0000022a011ac400'
Event: 3.579 Thread 0x0000022a60691c50 Unloading class 0x0000022a011ac000 'java/lang/invoke/LambdaForm$MH+0x0000022a011ac000'
Event: 3.579 Thread 0x0000022a60691c50 Unloading class 0x0000022a011abc00 'java/lang/invoke/LambdaForm$MH+0x0000022a011abc00'
Event: 3.579 Thread 0x0000022a60691c50 Unloading class 0x0000022a011ab800 'java/lang/invoke/LambdaForm$MH+0x0000022a011ab800'
Event: 3.579 Thread 0x0000022a60691c50 Unloading class 0x0000022a011ab400 'java/lang/invoke/LambdaForm$BMH+0x0000022a011ab400'
Event: 3.579 Thread 0x0000022a60691c50 Unloading class 0x0000022a011ab000 'java/lang/invoke/LambdaForm$DMH+0x0000022a011ab000'
Event: 3.579 Thread 0x0000022a60691c50 Unloading class 0x0000022a011aa000 'java/lang/invoke/LambdaForm$DMH+0x0000022a011aa000'

Classes redefined (0 events):
No events

Internal exceptions (20 events):
Event: 28.929 Thread 0x0000022a68233810 Exception <a 'java/lang/NullPointerException'{0x00000000d57652b8}> (0x00000000d57652b8) 
thrown [s\src\hotspot\share\runtime\sharedRuntime.cpp, line 625]
Event: 28.929 Thread 0x0000022a68233810 Implicit null exception at 0x0000022a4eb1f47a to 0x0000022a4eb1fd0b
Event: 28.929 Thread 0x0000022a68233810 Exception <a 'java/lang/NullPointerException'{0x00000000d5765fc0}> (0x00000000d5765fc0) 
thrown [s\src\hotspot\share\runtime\sharedRuntime.cpp, line 625]
Event: 28.929 Thread 0x0000022a68233810 Implicit null exception at 0x0000022a4eb1f47a to 0x0000022a4eb1fd0b
Event: 28.929 Thread 0x0000022a68233810 Exception <a 'java/lang/NullPointerException'{0x00000000d5766988}> (0x00000000d5766988) 
thrown [s\src\hotspot\share\runtime\sharedRuntime.cpp, line 625]
Event: 28.929 Thread 0x0000022a68233810 Implicit null exception at 0x0000022a4eb1f47a to 0x0000022a4eb1fd0b
Event: 28.929 Thread 0x0000022a68233810 Exception <a 'java/lang/NullPointerException'{0x00000000d57670a8}> (0x00000000d57670a8) 
thrown [s\src\hotspot\share\runtime\sharedRuntime.cpp, line 625]
Event: 29.383 Thread 0x0000022a673dd9c0 Exception <a 'sun/nio/fs/WindowsException'{0x00000000d564e018}> (0x00000000d564e018) 
thrown [s\src\hotspot\share\prims\jni.cpp, line 520]
Event: 29.384 Thread 0x0000022a673dd9c0 Exception <a 'sun/nio/fs/WindowsException'{0x00000000d564e550}> (0x00000000d564e550) 
thrown [s\src\hotspot\share\prims\jni.cpp, line 520]
Event: 29.400 Thread 0x0000022a69a527d0 Exception <a 'sun/nio/fs/WindowsException'{0x00000000d56bf338}> (0x00000000d56bf338) 
thrown [s\src\hotspot\share\prims\jni.cpp, line 520]
Event: 29.400 Thread 0x0000022a69a527d0 Exception <a 'sun/nio/fs/WindowsException'{0x00000000d56c07e8}> (0x00000000d56c07e8) 
thrown [s\src\hotspot\share\prims\jni.cpp, line 520]
Event: 29.401 Thread 0x0000022a69a527d0 Exception <a 'sun/nio/fs/WindowsException'{0x00000000d56c1858}> (0x00000000d56c1858) 
thrown [s\src\hotspot\share\prims\jni.cpp, line 520]
Event: 29.401 Thread 0x0000022a69a527d0 Exception <a 'sun/nio/fs/WindowsException'{0x00000000d56c22b8}> (0x00000000d56c22b8) 
thrown [s\src\hotspot\share\prims\jni.cpp, line 520]
Event: 29.402 Thread 0x0000022a69a527d0 Exception <a 'sun/nio/fs/WindowsException'{0x00000000d56c4028}> (0x00000000d56c4028) 
thrown [s\src\hotspot\share\prims\jni.cpp, line 520]
Event: 29.402 Thread 0x0000022a69a527d0 Exception <a 'sun/nio/fs/WindowsException'{0x00000000d56c4810}> (0x00000000d56c4810) 
thrown [s\src\hotspot\share\prims\jni.cpp, line 520]
Event: 29.416 Thread 0x0000022a69a527d0 Exception <a 'sun/nio/fs/WindowsException'{0x00000000d56f4008}> (0x00000000d56f4008) 
thrown [s\src\hotspot\share\prims\jni.cpp, line 520]
Event: 29.416 Thread 0x0000022a69a527d0 Exception <a 'sun/nio/fs/WindowsException'{0x00000000d56f54b8}> (0x00000000d56f54b8) 
thrown [s\src\hotspot\share\prims\jni.cpp, line 520]
Event: 306.510 Thread 0x0000022a673dc610 Exception <a 'java/lang/NoSuchMethodError'{0x00000000d58fbb30}: 'java.lang.Object java.lang.invoke.DirectMethodHandle$Holder.newInvokeSpecial(java.lang.Object, java.lang.Object, java.lang.Object, java.lang.Object, java.lang.Object, java.lang.Object, java.lang.Object, java.lang.Object)'> (0x00000000d58fbb30) 
thrown [s\src\hotspot\share\interpreter\linkResolver.cpp, line 773]
Event: 39514.272 Thread 0x0000022a69a50d90 Exception <a 'java/lang/IncompatibleClassChangeError'{0x00000000d55f7d68}: Found class java.lang.Object, but interface was expected> (0x00000000d55f7d68) 
thrown [s\src\hotspot\share\interpreter\linkResolver.cpp, line 840]
Event: 82393.629 Thread 0x0000022a69a50d90 Exception <a 'java/lang/IncompatibleClassChangeError'{0x00000000d581eaa0}: Found class java.lang.Object, but interface was expected> (0x00000000d581eaa0) 
thrown [s\src\hotspot\share\interpreter\linkResolver.cpp, line 840]

ZGC Phase Switch (0 events):
No events

VM Operations (20 events):
Event: 147896.562 Executing VM operation: HandshakeAllThreads (HandshakeForDeflation)
Event: 147896.562 Executing VM operation: HandshakeAllThreads (HandshakeForDeflation) done
Event: 147896.563 Executing VM operation: RendezvousGCThreads
Event: 147896.563 Executing VM operation: RendezvousGCThreads done
Event: 148016.826 Executing VM operation: HandshakeAllThreads (HandshakeForDeflation)
Event: 148016.827 Executing VM operation: HandshakeAllThreads (HandshakeForDeflation) done
Event: 148016.827 Executing VM operation: RendezvousGCThreads
Event: 148016.827 Executing VM operation: RendezvousGCThreads done
Event: 148076.848 Executing VM operation: HandshakeAllThreads (HandshakeForDeflation)
Event: 148076.849 Executing VM operation: HandshakeAllThreads (HandshakeForDeflation) done
Event: 148076.849 Executing VM operation: RendezvousGCThreads
Event: 148076.849 Executing VM operation: RendezvousGCThreads done
Event: 148136.871 Executing VM operation: HandshakeAllThreads (HandshakeForDeflation)
Event: 148136.872 Executing VM operation: HandshakeAllThreads (HandshakeForDeflation) done
Event: 148136.872 Executing VM operation: RendezvousGCThreads
Event: 148136.872 Executing VM operation: RendezvousGCThreads done
Event: 148317.249 Executing VM operation: HandshakeAllThreads (HandshakeForDeflation)
Event: 148317.249 Executing VM operation: HandshakeAllThreads (HandshakeForDeflation) done
Event: 148317.249 Executing VM operation: RendezvousGCThreads
Event: 148317.249 Executing VM operation: RendezvousGCThreads done

Memory protections (0 events):
No events

Nmethod flushes (20 events):
Event: 13.872 Thread 0x0000022a60691c50 flushing  nmethod 0x0000022a4d6b7f10
Event: 13.872 Thread 0x0000022a60691c50 flushing  nmethod 0x0000022a4d6b9a10
Event: 13.872 Thread 0x0000022a60691c50 flushing  nmethod 0x0000022a4d6c1b90
Event: 13.872 Thread 0x0000022a60691c50 flushing  nmethod 0x0000022a4d6c3890
Event: 13.872 Thread 0x0000022a60691c50 flushing  nmethod 0x0000022a4d6d9d90
Event: 13.872 Thread 0x0000022a60691c50 flushing  nmethod 0x0000022a4d73f690
Event: 13.872 Thread 0x0000022a60691c50 flushing  nmethod 0x0000022a4d74ab10
Event: 13.872 Thread 0x0000022a60691c50 flushing  nmethod 0x0000022a4d752e90
Event: 13.872 Thread 0x0000022a60691c50 flushing  nmethod 0x0000022a4d75e990
Event: 13.872 Thread 0x0000022a60691c50 flushing  nmethod 0x0000022a4d760490
Event: 13.872 Thread 0x0000022a60691c50 flushing  nmethod 0x0000022a4d761910
Event: 13.872 Thread 0x0000022a60691c50 flushing  nmethod 0x0000022a4d762190
Event: 13.872 Thread 0x0000022a60691c50 flushing  nmethod 0x0000022a4d762790
Event: 13.872 Thread 0x0000022a60691c50 flushing  nmethod 0x0000022a4d764890
Event: 13.872 Thread 0x0000022a60691c50 flushing  nmethod 0x0000022a4d788910
Event: 13.872 Thread 0x0000022a60691c50 flushing  nmethod 0x0000022a4d790010
Event: 13.872 Thread 0x0000022a60691c50 flushing  nmethod 0x0000022a4d7bc290
Event: 13.872 Thread 0x0000022a60691c50 flushing  nmethod 0x0000022a4d7be790
Event: 13.872 Thread 0x0000022a60691c50 flushing  nmethod 0x0000022a4d83ca90
Event: 13.872 Thread 0x0000022a60691c50 flushing  nmethod 0x0000022a4d83e290

Events (20 events):
Event: 314.901 Thread 0x0000022a739fd010 Thread exited: 0x0000022a739fd010
Event: 318.211 Thread 0x0000022a6a96e1b0 Thread exited: 0x0000022a6a96e1b0
Event: 319.166 Thread 0x0000022a6a96b3c0 Thread exited: 0x0000022a6a96b3c0
Event: 319.166 Thread 0x0000022a6a9685d0 Thread exited: 0x0000022a6a9685d0
Event: 319.166 Thread 0x0000022a6a96ce00 Thread exited: 0x0000022a6a96ce00
Event: 319.166 Thread 0x0000022a6a96c770 Thread exited: 0x0000022a6a96c770
Event: 319.181 Thread 0x0000022a6a96ba50 Thread exited: 0x0000022a6a96ba50
Event: 319.192 Thread 0x0000022a6a969980 Thread exited: 0x0000022a6a969980
Event: 329.254 Thread 0x0000022a68233180 Thread exited: 0x0000022a68233180
Event: 329.301 Thread 0x0000022a68233ea0 Thread exited: 0x0000022a68233ea0
Event: 329.316 Thread 0x0000022a68235250 Thread exited: 0x0000022a68235250
Event: 329.331 Thread 0x0000022a68232af0 Thread exited: 0x0000022a68232af0
Event: 329.363 Thread 0x0000022a68234bc0 Thread exited: 0x0000022a68234bc0
Event: 329.393 Thread 0x0000022a68234530 Thread exited: 0x0000022a68234530
Event: 329.715 Thread 0x0000022a6a96d490 Thread exited: 0x0000022a6a96d490
Event: 378.227 Thread 0x0000022a6a96e840 Thread exited: 0x0000022a6a96e840
Event: 438.239 Thread 0x0000022a6a96a010 Thread exited: 0x0000022a6a96a010
Event: 498.245 Thread 0x0000022a6a96ad30 Thread exited: 0x0000022a6a96ad30
Event: 82393.732 Thread 0x0000022a69a50d90 Thread added: 0x0000022a6861fb50
Event: 82463.469 Thread 0x0000022a6861fb50 Thread exited: 0x0000022a6861fb50


Dynamic libraries:
0x00007ff706220000 - 0x00007ff70622e000 	c:\Users\jyue\.vscode\extensions\redhat.java-1.44.0-win32-x64\jre\21.0.8-win32-x86_64\bin\java.exe
0x00007ffd2b250000 - 0x00007ffd2b448000 	C:\windows\SYSTEM32\ntdll.dll
0x00007ffd2a7a0000 - 0x00007ffd2a862000 	C:\windows\System32\KERNEL32.DLL
0x00007ffd28de0000 - 0x00007ffd290d6000 	C:\windows\System32\KERNELBASE.dll
0x00007ffd28c40000 - 0x00007ffd28d40000 	C:\windows\System32\ucrtbase.dll
0x00007ffd1b030000 - 0x00007ffd1b048000 	c:\Users\jyue\.vscode\extensions\redhat.java-1.44.0-win32-x64\jre\21.0.8-win32-x86_64\bin\jli.dll
0x00007ffd1b080000 - 0x00007ffd1b09e000 	c:\Users\jyue\.vscode\extensions\redhat.java-1.44.0-win32-x64\jre\21.0.8-win32-x86_64\bin\VCRUNTIME140.dll
0x00007ffd2a520000 - 0x00007ffd2a6bd000 	C:\windows\System32\USER32.dll
0x00007ffd288e0000 - 0x00007ffd28902000 	C:\windows\System32\win32u.dll
0x00007ffd12250000 - 0x00007ffd124ea000 	C:\windows\WinSxS\amd64_microsoft.windows.common-controls_6595b64144ccf1df_6.0.19041.5915_none_60b4b9d171f9c7c7\COMCTL32.dll
0x00007ffd2b1e0000 - 0x00007ffd2b20b000 	C:\windows\System32\GDI32.dll
0x00007ffd296a0000 - 0x00007ffd2973e000 	C:\windows\System32\msvcrt.dll
0x00007ffd28b20000 - 0x00007ffd28c39000 	C:\windows\System32\gdi32full.dll
0x00007ffd28d40000 - 0x00007ffd28ddd000 	C:\windows\System32\msvcp_win.dll
0x00007ffd2ab80000 - 0x00007ffd2abaf000 	C:\windows\System32\IMM32.DLL
0x00007ffd19db0000 - 0x00007ffd19dbc000 	c:\Users\jyue\.vscode\extensions\redhat.java-1.44.0-win32-x64\jre\21.0.8-win32-x86_64\bin\vcruntime140_1.dll
0x00007ffd04fd0000 - 0x00007ffd0505d000 	c:\Users\jyue\.vscode\extensions\redhat.java-1.44.0-win32-x64\jre\21.0.8-win32-x86_64\bin\msvcp140.dll
0x00007ffc93c50000 - 0x00007ffc949e7000 	c:\Users\jyue\.vscode\extensions\redhat.java-1.44.0-win32-x64\jre\21.0.8-win32-x86_64\bin\server\jvm.dll
0x00007ffd29880000 - 0x00007ffd29931000 	C:\windows\System32\ADVAPI32.dll
0x00007ffd2aae0000 - 0x00007ffd2ab7f000 	C:\windows\System32\sechost.dll
0x00007ffd2a870000 - 0x00007ffd2a993000 	C:\windows\System32\RPCRT4.dll
0x00007ffd29240000 - 0x00007ffd29267000 	C:\windows\System32\bcrypt.dll
0x00007ffd2a4b0000 - 0x00007ffd2a51b000 	C:\windows\System32\WS2_32.dll
0x00007ffd28690000 - 0x00007ffd286db000 	C:\windows\SYSTEM32\POWRPROF.dll
0x00007ffd0fe50000 - 0x00007ffd0fe77000 	C:\windows\SYSTEM32\WINMM.dll
0x00007ffd1dd80000 - 0x00007ffd1dd8a000 	C:\windows\SYSTEM32\VERSION.dll
0x00007ffd28670000 - 0x00007ffd28682000 	C:\windows\SYSTEM32\UMPDC.dll
0x00007ffd270c0000 - 0x00007ffd270d2000 	C:\windows\SYSTEM32\kernel.appcore.dll
0x00007ffd19da0000 - 0x00007ffd19daa000 	c:\Users\jyue\.vscode\extensions\redhat.java-1.44.0-win32-x64\jre\21.0.8-win32-x86_64\bin\jimage.dll
0x00007ffd235b0000 - 0x00007ffd237b1000 	C:\windows\SYSTEM32\DBGHELP.DLL
0x00007ffd04470000 - 0x00007ffd044a4000 	C:\windows\SYSTEM32\dbgcore.DLL
0x00007ffd290e0000 - 0x00007ffd29162000 	C:\windows\System32\bcryptPrimitives.dll
0x00007ffd0e0d0000 - 0x00007ffd0e0df000 	c:\Users\jyue\.vscode\extensions\redhat.java-1.44.0-win32-x64\jre\21.0.8-win32-x86_64\bin\instrument.dll
0x00007ffd176f0000 - 0x00007ffd1770f000 	c:\Users\jyue\.vscode\extensions\redhat.java-1.44.0-win32-x64\jre\21.0.8-win32-x86_64\bin\java.dll
0x00007ffd29940000 - 0x00007ffd2a0ae000 	C:\windows\System32\SHELL32.dll
0x00007ffd237c0000 - 0x00007ffd23f64000 	C:\windows\SYSTEM32\windows.storage.dll
0x00007ffd29340000 - 0x00007ffd29693000 	C:\windows\System32\combase.dll
0x00007ffd28160000 - 0x00007ffd2818b000 	C:\windows\SYSTEM32\Wldp.dll
0x00007ffd29270000 - 0x00007ffd2933d000 	C:\windows\System32\OLEAUT32.dll
0x00007ffd2b0b0000 - 0x00007ffd2b15d000 	C:\windows\System32\SHCORE.dll
0x00007ffd2a260000 - 0x00007ffd2a2bb000 	C:\windows\System32\shlwapi.dll
0x00007ffd28810000 - 0x00007ffd28834000 	C:\windows\SYSTEM32\profapi.dll
0x00007ffd0e970000 - 0x00007ffd0e988000 	c:\Users\jyue\.vscode\extensions\redhat.java-1.44.0-win32-x64\jre\21.0.8-win32-x86_64\bin\zip.dll
0x00007ffd177a0000 - 0x00007ffd177b0000 	C:\Users\jyue\.vscode\extensions\redhat.java-1.44.0-win32-x64\jre\21.0.8-win32-x86_64\bin\net.dll
0x00007ffd1b340000 - 0x00007ffd1b44a000 	C:\windows\SYSTEM32\WINHTTP.dll
0x00007ffd27f40000 - 0x00007ffd27faa000 	C:\windows\system32\mswsock.dll
0x00007ffd12f20000 - 0x00007ffd12f36000 	C:\Users\jyue\.vscode\extensions\redhat.java-1.44.0-win32-x64\jre\21.0.8-win32-x86_64\bin\nio.dll
0x00007ffd0e050000 - 0x00007ffd0e060000 	c:\Users\jyue\.vscode\extensions\redhat.java-1.44.0-win32-x64\jre\21.0.8-win32-x86_64\bin\verify.dll
0x00007ffd0bec0000 - 0x00007ffd0bf05000 	C:\Users\jyue\AppData\Roaming\Code\User\globalStorage\redhat.java\1.44.0\config_win\org.eclipse.equinox.launcher\org.eclipse.equinox.launcher.win32.win32.x86_64_1.2.1400.v20250730-1736\eclipse_11913.dll
0x00007ffd2a9b0000 - 0x00007ffd2aadb000 	C:\windows\System32\ole32.dll
0x00007ffd281a0000 - 0x00007ffd281b8000 	C:\windows\SYSTEM32\CRYPTSP.dll
0x00007ffd27880000 - 0x00007ffd278b8000 	C:\windows\system32\rsaenh.dll
0x00007ffd287d0000 - 0x00007ffd287fe000 	C:\windows\SYSTEM32\USERENV.dll
0x00007ffd280d0000 - 0x00007ffd280dc000 	C:\windows\SYSTEM32\CRYPTBASE.dll
0x00007ffd27c40000 - 0x00007ffd27c7b000 	C:\windows\SYSTEM32\IPHLPAPI.DLL
0x00007ffd2b1d0000 - 0x00007ffd2b1d8000 	C:\windows\System32\NSI.dll
0x00007ffd0be70000 - 0x00007ffd0beb9000 	C:\Users\jyue\AppData\Local\Temp\jna-3277855\jna10284742145420430463.dll
0x00007ffd2a9a0000 - 0x00007ffd2a9a8000 	C:\windows\System32\PSAPI.DLL
0x00007ffd1aa00000 - 0x00007ffd1aa17000 	C:\windows\SYSTEM32\dhcpcsvc6.DLL
0x00007ffd1b5e0000 - 0x00007ffd1b5fd000 	C:\windows\SYSTEM32\dhcpcsvc.DLL
0x00007ffd11d70000 - 0x00007ffd11d7e000 	C:\Users\jyue\.vscode\extensions\redhat.java-1.44.0-win32-x64\jre\21.0.8-win32-x86_64\bin\sunmscapi.dll
0x00007ffd28910000 - 0x00007ffd28a6d000 	C:\windows\System32\CRYPT32.dll
0x00007ffd28310000 - 0x00007ffd28337000 	C:\windows\SYSTEM32\ncrypt.dll
0x00007ffd282d0000 - 0x00007ffd2830b000 	C:\windows\SYSTEM32\NTASN1.dll
0x00007ffd27c80000 - 0x00007ffd27d4a000 	C:\windows\SYSTEM32\DNSAPI.dll
0x00007ffd1e2f0000 - 0x00007ffd1e2fa000 	C:\Windows\System32\rasadhlp.dll
0x00007ffd13310000 - 0x00007ffd13390000 	C:\windows\System32\fwpuclnt.dll
0x00007ffd11c10000 - 0x00007ffd11c19000 	C:\Users\jyue\.vscode\extensions\redhat.java-1.44.0-win32-x64\jre\21.0.8-win32-x86_64\bin\extnet.dll

JVMTI agents:
c:\Users\jyue\.vscode\extensions\redhat.java-1.44.0-win32-x64\lombok\lombok-1.18.39-4050.jar path:c:\Users\jyue\.vscode\extensions\redhat.java-1.44.0-win32-x64\jre\21.0.8-win32-x86_64\bin\instrument.dll, loaded, initialized, instrumentlib options:none

dbghelp: loaded successfully - version: 4.0.5 - missing functions: none
symbol engine: initialized successfully - sym options: 0x614 - pdb path: .;c:\Users\jyue\.vscode\extensions\redhat.java-1.44.0-win32-x64\jre\21.0.8-win32-x86_64\bin;C:\windows\SYSTEM32;C:\windows\WinSxS\amd64_microsoft.windows.common-controls_6595b64144ccf1df_6.0.19041.5915_none_60b4b9d171f9c7c7;c:\Users\jyue\.vscode\extensions\redhat.java-1.44.0-win32-x64\jre\21.0.8-win32-x86_64\bin\server;C:\Users\jyue\AppData\Roaming\Code\User\globalStorage\redhat.java\1.44.0\config_win\org.eclipse.equinox.launcher\org.eclipse.equinox.launcher.win32.win32.x86_64_1.2.1400.v20250730-1736;C:\Users\jyue\AppData\Local\Temp\jna-3277855

VM Arguments:
jvm_args: --add-modules=ALL-SYSTEM --add-opens=java.base/java.util=ALL-UNNAMED --add-opens=java.base/java.lang=ALL-UNNAMED --add-opens=java.base/sun.nio.fs=ALL-UNNAMED -Declipse.application=org.eclipse.jdt.ls.core.id1 -Dosgi.bundles.defaultStartLevel=4 -Declipse.product=org.eclipse.jdt.ls.core.product -Djava.import.generatesMetadataFilesAtProjectRoot=false -DDetectVMInstallationsJob.disabled=true -Dfile.encoding=utf8 -XX:+UseParallelGC -XX:GCTimeRatio=4 -XX:AdaptiveSizePolicyWeight=90 -Dsun.zip.disableMemoryMapping=true -Xmx2G -Xms100m -Xlog:disable -javaagent:c:\Users\jyue\.vscode\extensions\redhat.java-1.44.0-win32-x64\lombok\lombok-1.18.39-4050.jar -XX:+HeapDumpOnOutOfMemoryError -XX:HeapDumpPath=c:\Users\jyue\AppData\Roaming\Code\User\workspaceStorage\faf8c2c5267670c14edd5473d9941fb5\redhat.java -Daether.dependencyCollector.impl=bf 
java_command: c:\Users\jyue\.vscode\extensions\redhat.java-1.44.0-win32-x64\server\plugins\org.eclipse.equinox.launcher_1.7.0.v20250519-0528.jar -configuration c:\Users\jyue\AppData\Roaming\Code\User\globalStorage\redhat.java\1.44.0\config_win -data c:\Users\jyue\AppData\Roaming\Code\User\workspaceStorage\faf8c2c5267670c14edd5473d9941fb5\redhat.java\jdt_ws --pipe=\\.\pipe\lsp-f64f2400cf98dbb2beff9b5465731356-sock
java_class_path (initial): c:\Users\jyue\.vscode\extensions\redhat.java-1.44.0-win32-x64\server\plugins\org.eclipse.equinox.launcher_1.7.0.v20250519-0528.jar
Launcher Type: SUN_STANDARD

[Global flags]
    uintx AdaptiveSizePolicyWeight                 = 90                                        {product} {command line}
     intx CICompilerCount                          = 4                                         {product} {ergonomic}
    uintx GCTimeRatio                              = 4                                         {product} {command line}
     bool HeapDumpOnOutOfMemoryError               = true                                   {manageable} {command line}
    ccstr HeapDumpPath                             = c:\Users\jyue\AppData\Roaming\Code\User\workspaceStorage\faf8c2c5267670c14edd5473d9941fb5\redhat.java         {manageable} {command line}
   size_t InitialHeapSize                          = 104857600                                 {product} {command line}
   size_t MaxHeapSize                              = 2147483648                                {product} {command line}
   size_t MaxNewSize                               = 715653120                                 {product} {ergonomic}
   size_t MinHeapDeltaBytes                        = 524288                                    {product} {ergonomic}
   size_t MinHeapSize                              = 104857600                                 {product} {command line}
   size_t NewSize                                  = 34603008                                  {product} {ergonomic}
    uintx NonNMethodCodeHeapSize                   = 5839372                                {pd product} {ergonomic}
    uintx NonProfiledCodeHeapSize                  = 122909434                              {pd product} {ergonomic}
   size_t OldSize                                  = 70254592                                  {product} {ergonomic}
    uintx ProfiledCodeHeapSize                     = 122909434                              {pd product} {ergonomic}
    uintx ReservedCodeCacheSize                    = 251658240                              {pd product} {ergonomic}
     bool SegmentedCodeCache                       = true                                      {product} {ergonomic}
   size_t SoftMaxHeapSize                          = 2147483648                             {manageable} {ergonomic}
     bool UseCompressedOops                        = true                           {product lp64_product} {ergonomic}
     bool UseLargePagesIndividualAllocation        = false                                  {pd product} {ergonomic}
     bool UseParallelGC                            = true                                      {product} {command line}

Logging:
Log output configuration:
 #0: stdout all=off uptime,level,tags foldmultilines=false
 #1: stderr all=off uptime,level,tags foldmultilines=false

Environment Variables:
JAVA_HOME=D:\Java\jdk17
PATH=C:\Program Files (x86)\Intel\Intel(R) Management Engine Components\iCLS\;C:\Program Files\Intel\Intel(R) Management Engine Components\iCLS\;C:\windows\system32;C:\windows;C:\windows\System32\Wbem;C:\windows\System32\WindowsPowerShell\v1.0\;C:\windows\System32\OpenSSH\;C:\Program Files (x86)\Intel\Intel(R) Management Engine Components\DAL;C:\Program Files\Intel\Intel(R) Management Engine Components\DAL;C:\Program Files (x86)\Intel\Intel(R) Management Engine Components\IPT;C:\Program Files\Intel\Intel(R) Management Engine Components\IPT;D:\ZZ\sys\RUN;D:\ZZ\sys\RUN\CA_SRA;D:\Java\jdk17\BIN;C:\Program Files\apache-maven-3.9.11-bin\apache-maven-3.9.11\BIN;C:\Program Files\dotnet\;C:\Program Files\Git\cmd;D:\Java\mysql-8.0.36-winx64\bin;C:\Program Files (x86)\Windows Kits\10\Windows Performance Toolkit\;C:\Program Files\NVIDIA Corporation\Nsight Compute 2024.3.1\;C:\Program Files (x86)\NVIDIA Corporation\PhysX\Common;C:\Program Files\CMake\bin;C:\Users\jyue\Documents\opencv\build\include;C:\Users\jyue\Documents\opencv\build\x64\vc16\bin;C:\Users\jyue\Documents\opencv\build\x64\vc16\lib;C:\Users\jyue\Documents\opencv\build\bin;C:\ProgramData\Anaconda3\envs\ann_tool\Lib\site-packages\PyQt5\Qt5\bin;C:\ProgramData\Anaconda3\envs\ann_tool\Lib\site-packages\PyQt5\Qt5\plugins;C:\ProgramData\Anaconda3\envs\ann_tool\Lib\site-packages\PyQt5\Qt5\plugins\platforms;C:\Program Files\apache-maven-3.9.11-bin\apache-maven-3.9.11\bin;C:\Program Files\gradle-8.14.3-bin\gradle-8.14.3\bin;C:\Users\jyue\AppData\Local\Programs\Python\Python312\Scripts\;C:\Users\jyue\AppData\Local\Programs\Python\Python312\;C:\Users\jyue\AppData\Local\Programs\Python\Launcher\;C:\Users\jyue\AppData\Local\Microsoft\WindowsApps;C:\Users\jyue\AppData\Local\Programs\Microsoft VS Code\bin;C:\Users\jyue\AppData\Local\GitHubDesktop\bin
USERNAME=jyue
OS=Windows_NT
PROCESSOR_IDENTIFIER=Intel64 Family 6 Model 142 Stepping 10, GenuineIntel
TMP=C:\Users\jyue\AppData\Local\Temp
TEMP=C:\Users\jyue\AppData\Local\Temp




Periodic native trim disabled

---------------  S Y S T E M  ---------------

OS:
 Windows 10 , 64 bit Build 19041 (10.0.19041.5915)
OS uptime: 17 days 21:06 hours
Hyper-V role detected

CPU: total 8 (initial active 8) (4 cores per cpu, 2 threads per core) family 6 model 142 stepping 10 microcode 0xf0, cx8, cmov, fxsr, ht, mmx, 3dnowpref, sse, sse2, sse3, ssse3, sse4.1, sse4.2, popcnt, lzcnt, tsc, tscinvbit, avx, avx2, aes, erms, clmul, bmi1, bmi2, rtm, adx, fma, vzeroupper, clflush, clflushopt, hv, rdtscp, f16c
Processor Information for the first 8 processors :
  Max Mhz: 2112, Current Mhz: 1910, Mhz Limit: 1900

Memory: 4k page, system-wide physical 16262M (621M free)
TotalPageFile size 61844M (AvailPageFile size 95M)
current process WorkingSet (physical memory assigned to process): 75M, peak: 925M
current process commit charge ("private bytes"): 878M, peak: 932M

vm_info: OpenJDK 64-Bit Server VM (21.0.8+9-LTS) for windows-amd64 JRE (21.0.8+9-LTS), built on 2025-07-15T00:00:00Z by "admin" with MS VC++ 17.7 (VS2022)

END.
